alustt130
/home/artemisl/locho_study
Thu Mar 13 18:28:26 EDT 2025
TrimmomaticPE: Started with arguments:
 /data/Microbiome/CosmosID/TOBI_Study/F-50179105-003S_S46_L002_R1_001.fastq.gz /data/Microbiome/CosmosID/TOBI_Study/F-50179105-003S_S46_L002_R2_001.fastq.gz filtered/mg_F-50179105-003S_trimmed-pair_R1.fastq.gz filtered/mg_F-50179105-003S_trimmed-single_R1.fastq.gz filtered/mg_F-50179105-003S_trimmed-pair_R2.fastq.gz filtered/mg_F-50179105-003S_trimmed-single_R2.fastq.gz ILLUMINACLIP:/data/databases/adapters/TruSeq3-PE.fa:2:30:10:2:True LEADING:3 TRAILING:3 MINLEN:36
Using PrefixPair: 'TACACTCTTTCCCTACACGACGCTCTTCCGATCT' and 'GTGACTGGAGTTCAGACGTGTGCTCTTCCGATCT'
ILLUMINACLIP: Using 1 prefix pairs, 0 forward/reverse sequences, 0 forward only sequences, 0 reverse only sequences
Quality encoding detected as phred33
Input Read Pairs: 2551888 Both Surviving: 2551888 (100.00%) Forward Only Surviving: 0 (0.00%) Reverse Only Surviving: 0 (0.00%) Dropped: 0 (0.00%)
TrimmomaticPE: Completed successfully
2551888 reads; of these:
  2551888 (100.00%) were paired; of these:
    2550946 (99.96%) aligned concordantly 0 times
    62 (0.00%) aligned concordantly exactly 1 time
    880 (0.03%) aligned concordantly >1 times
    ----
    2550946 pairs aligned concordantly 0 times; of these:
      15 (0.00%) aligned discordantly 1 time
    ----
    2550931 pairs aligned 0 times concordantly or discordantly; of these:
      5101862 mates make up the pairs; of these:
        5101427 (99.99%) aligned 0 times
        163 (0.00%) aligned exactly 1 time
        272 (0.01%) aligned >1 times
0.05% overall alignment rate
[bam_sort_core] merging from 2 files and 1 in-memory blocks...
/cm/local/apps/slurm/var/spool/job13461/slurm_script: line 47: syntax error near unexpected token `done'
/cm/local/apps/slurm/var/spool/job13461/slurm_script: line 47: `done'
