alustt130
/home/artemisl/locho_study
Thu Mar 13 20:08:55 EDT 2025
TrimmomaticPE: Started with arguments:
 /data/Microbiome/CosmosID/TOBI_Study/F-50179173-003S_S63_L002_R1_001.fastq.gz /data/Microbiome/CosmosID/TOBI_Study/F-50179173-003S_S63_L002_R2_001.fastq.gz filtered/mg_F-50179173-003S_trimmed-pair_R1.fastq.gz filtered/mg_F-50179173-003S_trimmed-single_R1.fastq.gz filtered/mg_F-50179173-003S_trimmed-pair_R2.fastq.gz filtered/mg_F-50179173-003S_trimmed-single_R2.fastq.gz ILLUMINACLIP:/data/databases/adapters/TruSeq3-PE.fa:2:30:10:2:True LEADING:3 TRAILING:3 MINLEN:36
Using PrefixPair: 'TACACTCTTTCCCTACACGACGCTCTTCCGATCT' and 'GTGACTGGAGTTCAGACGTGTGCTCTTCCGATCT'
ILLUMINACLIP: Using 1 prefix pairs, 0 forward/reverse sequences, 0 forward only sequences, 0 reverse only sequences
Quality encoding detected as phred33
Input Read Pairs: 3884044 Both Surviving: 3884044 (100.00%) Forward Only Surviving: 0 (0.00%) Reverse Only Surviving: 0 (0.00%) Dropped: 0 (0.00%)
TrimmomaticPE: Completed successfully
3884044 reads; of these:
  3884044 (100.00%) were paired; of these:
    3841570 (98.91%) aligned concordantly 0 times
    36520 (0.94%) aligned concordantly exactly 1 time
    5954 (0.15%) aligned concordantly >1 times
    ----
    3841570 pairs aligned concordantly 0 times; of these:
      4412 (0.11%) aligned discordantly 1 time
    ----
    3837158 pairs aligned 0 times concordantly or discordantly; of these:
      7674316 mates make up the pairs; of these:
        7671594 (99.96%) aligned 0 times
        1062 (0.01%) aligned exactly 1 time
        1660 (0.02%) aligned >1 times
1.24% overall alignment rate
[bam_sort_core] merging from 3 files and 1 in-memory blocks...
/cm/local/apps/slurm/var/spool/job13496/slurm_script: line 47: syntax error near unexpected token `done'
/cm/local/apps/slurm/var/spool/job13496/slurm_script: line 47: `done'
