alustt130
/home/artemisl/locho_study
Thu Mar 13 21:14:03 EDT 2025
TrimmomaticPE: Started with arguments:
 /data/Microbiome/CosmosID/TOBI_Study/F-50179223-003S_S85_L002_R1_001.fastq.gz /data/Microbiome/CosmosID/TOBI_Study/F-50179223-003S_S85_L002_R2_001.fastq.gz filtered/mg_F-50179223-003S_trimmed-pair_R1.fastq.gz filtered/mg_F-50179223-003S_trimmed-single_R1.fastq.gz filtered/mg_F-50179223-003S_trimmed-pair_R2.fastq.gz filtered/mg_F-50179223-003S_trimmed-single_R2.fastq.gz ILLUMINACLIP:/data/databases/adapters/TruSeq3-PE.fa:2:30:10:2:True LEADING:3 TRAILING:3 MINLEN:36
Using PrefixPair: 'TACACTCTTTCCCTACACGACGCTCTTCCGATCT' and 'GTGACTGGAGTTCAGACGTGTGCTCTTCCGATCT'
ILLUMINACLIP: Using 1 prefix pairs, 0 forward/reverse sequences, 0 forward only sequences, 0 reverse only sequences
Quality encoding detected as phred33
Input Read Pairs: 4595659 Both Surviving: 4595659 (100.00%) Forward Only Surviving: 0 (0.00%) Reverse Only Surviving: 0 (0.00%) Dropped: 0 (0.00%)
TrimmomaticPE: Completed successfully
4595659 reads; of these:
  4595659 (100.00%) were paired; of these:
    4557271 (99.16%) aligned concordantly 0 times
    31803 (0.69%) aligned concordantly exactly 1 time
    6585 (0.14%) aligned concordantly >1 times
    ----
    4557271 pairs aligned concordantly 0 times; of these:
      4148 (0.09%) aligned discordantly 1 time
    ----
    4553123 pairs aligned 0 times concordantly or discordantly; of these:
      9106246 mates make up the pairs; of these:
        9102750 (99.96%) aligned 0 times
        1001 (0.01%) aligned exactly 1 time
        2495 (0.03%) aligned >1 times
0.96% overall alignment rate
[bam_sort_core] merging from 4 files and 1 in-memory blocks...
/cm/local/apps/slurm/var/spool/job13519/slurm_script: line 47: syntax error near unexpected token `done'
/cm/local/apps/slurm/var/spool/job13519/slurm_script: line 47: `done'
