alustt130
/home/artemisl/locho_study
Thu Mar 13 21:01:56 EDT 2025
TrimmomaticPE: Started with arguments:
 /data/Microbiome/CosmosID/TOBI_Study/F-50179211-003S_S118_L002_R1_001.fastq.gz /data/Microbiome/CosmosID/TOBI_Study/F-50179211-003S_S118_L002_R2_001.fastq.gz filtered/mg_F-50179211-003S_trimmed-pair_R1.fastq.gz filtered/mg_F-50179211-003S_trimmed-single_R1.fastq.gz filtered/mg_F-50179211-003S_trimmed-pair_R2.fastq.gz filtered/mg_F-50179211-003S_trimmed-single_R2.fastq.gz ILLUMINACLIP:/data/databases/adapters/TruSeq3-PE.fa:2:30:10:2:True LEADING:3 TRAILING:3 MINLEN:36
Using PrefixPair: 'TACACTCTTTCCCTACACGACGCTCTTCCGATCT' and 'GTGACTGGAGTTCAGACGTGTGCTCTTCCGATCT'
ILLUMINACLIP: Using 1 prefix pairs, 0 forward/reverse sequences, 0 forward only sequences, 0 reverse only sequences
Quality encoding detected as phred33
Input Read Pairs: 5035548 Both Surviving: 5035548 (100.00%) Forward Only Surviving: 0 (0.00%) Reverse Only Surviving: 0 (0.00%) Dropped: 0 (0.00%)
TrimmomaticPE: Completed successfully
5035548 reads; of these:
  5035548 (100.00%) were paired; of these:
    5030967 (99.91%) aligned concordantly 0 times
    3927 (0.08%) aligned concordantly exactly 1 time
    654 (0.01%) aligned concordantly >1 times
    ----
    5030967 pairs aligned concordantly 0 times; of these:
      490 (0.01%) aligned discordantly 1 time
    ----
    5030477 pairs aligned 0 times concordantly or discordantly; of these:
      10060954 mates make up the pairs; of these:
        10060623 (100.00%) aligned 0 times
        127 (0.00%) aligned exactly 1 time
        204 (0.00%) aligned >1 times
0.10% overall alignment rate
[bam_sort_core] merging from 4 files and 1 in-memory blocks...
/cm/local/apps/slurm/var/spool/job13513/slurm_script: line 47: syntax error near unexpected token `done'
/cm/local/apps/slurm/var/spool/job13513/slurm_script: line 47: `done'
